{
  "RSpec": {
    "coverage": {
      "/Users/toddlangford-archer/Documents/makers/week-4/bookmark-henry-todd/app.rb": [
        1,
        1,
        null,
        1,
        null,
        1,
        1,
        null,
        null,
        1,
        1,
        1,
        null,
        null,
        1,
        null
      ],
      "/Users/toddlangford-archer/Documents/makers/week-4/bookmark-henry-todd/lib/bookmark.rb": [
        1,
        null,
        1,
        1,
        2,
        2,
        2,
        8,
        null,
        null
      ],
      "/Users/toddlangford-archer/Documents/makers/week-4/bookmark-henry-todd/spec/features/web_helpers.rb": [
        1,
        null,
        1,
        2,
        2,
        null,
        null,
        1,
        2,
        2,
        2,
        2,
        null
      ],
      "/Users/toddlangford-archer/Documents/makers/week-4/bookmark-henry-todd/spec/bookmark_spec.rb": [
        1,
        null,
        1,
        1,
        1,
        1,
        1,
        1,
        1,
        1,
        1,
        null,
        null,
        null
      ],
      "/Users/toddlangford-archer/Documents/makers/week-4/bookmark-henry-todd/spec/features/viewing_bookmarks_spec.rb": [
        null,
        1,
        1,
        1,
        1,
        1,
        null,
        null,
        null,
        1,
        1,
        1,
        1,
        1,
        1,
        1,
        1,
        null,
        null,
        null,
        null
      ]
    },
    "timestamp": 1540303755
  }
}
